<?xml version="1.0" encoding="UTF-8"?>
<testsuite xmlns:xsi="http://www.w3.org/2001/XMLSchema-instance" xsi:noNamespaceSchemaLocation="https://maven.apache.org/surefire/maven-surefire-plugin/xsd/surefire-test-report-3.0.xsd" version="3.0" name="com.example.ws.WsApplicationTests" time="6.645" tests="1" errors="0" skipped="0" failures="0">
  <properties>
[...]
</properties>
  <testcase name="contextLoads" classname="com.example.ws.WsApplicationTests" time="1.873">
    <system-out><![CDATA[12:08:25.399 [main] INFO org.springframework.test.context.support.AnnotationConfigContextLoaderUtils -- Could not detect default configuration classes for test class [com.example.ws.WsApplicationTests]: WsApplicationTests does not declare any static, non-private, non-final, nested classes annotated with @Configuration.
12:08:25.610 [main] INFO org.springframework.boot.test.context.SpringBootTestContextBootstrapper -- Found @SpringBootConfiguration com.example.ws.WsApplication for test class com.example.ws.WsApplicationTests

  .   ____          _            __ _ _
 /\\ / ___'_ __ _ _(_)_ __  __ _ \ \ \ \
( ( )\___ | '_ | '_| | '_ \/ _` | \ \ \ \
 \\/  ___)| |_)| | | | | || (_| |  ) ) ) )
  '  |____| .__|_| |_|_| |_\__, | / / / /
 =========|_|==============|___/=/_/_/_/
 :: Spring Boot ::                (v3.1.5)

2023-11-21T12:08:26.609+03:00  INFO 5440 --- [           main] com.example.ws.WsApplicationTests        : Starting WsApplicationTests using Java 17.0.2 with PID 5440 (started by tiavi in C:\Users\tiavi\Desktop\ws_basket)
2023-11-21T12:08:26.613+03:00  INFO 5440 --- [           main] com.example.ws.WsApplicationTests        : No active profile set, falling back to 1 default profile: "default"
2023-11-21T12:08:28.341+03:00  INFO 5440 --- [           main] trationDelegate$BeanPostProcessorChecker : Bean 'org.springframework.ws.config.annotation.DelegatingWsConfiguration' of type [org.springframework.ws.config.annotation.DelegatingWsConfiguration$$SpringCGLIB$$0] is not eligible for getting processed by all BeanPostProcessors (for example: not eligible for auto-proxying)
2023-11-21T12:08:28.493+03:00  INFO 5440 --- [           main] .w.s.a.s.AnnotationActionEndpointMapping : Supporting [WS-Addressing August 2004, WS-Addressing 1.0]
2023-11-21T12:08:29.637+03:00  INFO 5440 --- [           main] com.example.ws.WsApplicationTests        : Started WsApplicationTests in 3.585 seconds (process running for 5.673)
]]></system-out>
  </testcase>
</testsuite>